<?xml version="1.0" encoding="utf-8"?><testsuites name="pytest tests"><testsuite name="pytest" errors="0" failures="0" skipped="0" tests="16" time="4.243" timestamp="2026-08-03T16:01:00.108353+00:00" hostname="agent-env-44875842-0e75-4bc9-ac7e-bd4166341fdd"><testcase classname="backend.tests.test_api.TestHealthEndpoints" name="test_root_endpoint" time="0.313" /><testcase classname="backend.tests.test_api.TestHealthEndpoints" name="test_status_get" time="0.155" /><testcase classname="backend.tests.test_api.TestHealthEndpoints" name="test_status_post" time="0.136" /><testcase classname="backend.tests.test_api.TestWorkoutImageEndpoints" name="test_exercise_image_cached_check" time="0.322" /><testcase classname="backend.tests.test_api.TestWorkoutImageEndpoints" name="test_pregenerated_images_not_found" time="0.142" /><testcase classname="backend.tests.test_api.TestPlanGenerationEndpoints" name="test_generate_plan_template_validation" time="0.143" /><testcase classname="backend.tests.test_api.TestEmailEndpoints" name="test_feedback_notification_validation" time="0.502" /><testcase classname="backend.tests.test_api.TestStoreInterestEndpoints" name="test_store_interest_notification" time="0.518" /><testcase classname="backend.tests.test_api.TestImageStorageEndpoints" name="test_setup_image_storage" time="0.444" /><testcase classname="backend.tests.test_api.TestNutritionEndpoints" name="test_generate_nutrition_targets" time="0.133" /><testcase classname="backend.tests.test_api.TestNutritionEndpoints" name="test_generate_nutrition_targets_fat_loss" time="0.156" /><testcase classname="backend.tests.test_api.TestNutritionEndpoints" name="test_generate_nutrition_targets_muscle_gain" time="0.137" /><testcase classname="backend.tests.test_api.TestStripeEndpoints" name="test_stripe_checkout_validation" time="0.504" /><testcase classname="backend.tests.test_api.TestStripeEndpoints" name="test_stripe_subscription_lookup" time="0.336" /><testcase classname="backend.tests.test_api.TestFitnessOAuthEndpoints" name="test_fitbit_auth_url" time="0.121" /><testcase classname="backend.tests.test_api.TestFitnessOAuthEndpoints" name="test_strava_auth_url" time="0.135" /></testsuite></testsuites>