<?xml version="1.0" encoding="utf-8"?><testsuites name="pytest tests"><testsuite name="pytest" errors="0" failures="0" skipped="0" tests="9" time="2.810" timestamp="2026-05-08T16:59:21.389588+00:00" hostname="agent-env-44875842-0e75-4bc9-ac7e-bd4166341fdd"><testcase classname="backend.tests.test_api.TestHealthEndpoints" name="test_root_endpoint" time="0.174" /><testcase classname="backend.tests.test_api.TestHealthEndpoints" name="test_status_get" time="0.135" /><testcase classname="backend.tests.test_api.TestHealthEndpoints" name="test_status_post" time="0.178" /><testcase classname="backend.tests.test_api.TestWorkoutImageEndpoints" name="test_exercise_image_cached_check" time="0.330" /><testcase classname="backend.tests.test_api.TestWorkoutImageEndpoints" name="test_pregenerated_images_not_found" time="0.129" /><testcase classname="backend.tests.test_api.TestPlanGenerationEndpoints" name="test_generate_plan_template_validation" time="0.179" /><testcase classname="backend.tests.test_api.TestEmailEndpoints" name="test_feedback_notification_validation" time="0.455" /><testcase classname="backend.tests.test_api.TestStoreInterestEndpoints" name="test_store_interest_notification" time="0.576" /><testcase classname="backend.tests.test_api.TestImageStorageEndpoints" name="test_setup_image_storage" time="0.620" /></testsuite></testsuites>